mode: atomic
github.com/shawncatz/automagical/ec2/address.go:10.93,16.57 2 0
github.com/shawncatz/automagical/ec2/address.go:20.2,20.12 1 0
github.com/shawncatz/automagical/ec2/address.go:16.57,18.3 1 0
github.com/shawncatz/automagical/ec2/address.go:23.91,38.16 3 0
github.com/shawncatz/automagical/ec2/address.go:41.2,41.29 1 0
github.com/shawncatz/automagical/ec2/address.go:44.2,44.40 1 0
github.com/shawncatz/automagical/ec2/address.go:48.2,48.30 1 0
github.com/shawncatz/automagical/ec2/address.go:38.16,40.3 1 0
github.com/shawncatz/automagical/ec2/address.go:41.29,43.3 1 0
github.com/shawncatz/automagical/ec2/address.go:44.40,46.3 1 0
github.com/shawncatz/automagical/ec2/handler.go:22.96,23.16 1 3
github.com/shawncatz/automagical/ec2/handler.go:26.2,26.16 1 3
github.com/shawncatz/automagical/ec2/handler.go:29.2,29.15 1 3
github.com/shawncatz/automagical/ec2/handler.go:32.2,39.3 1 3
github.com/shawncatz/automagical/ec2/handler.go:23.16,25.3 1 3
github.com/shawncatz/automagical/ec2/handler.go:26.16,28.3 1 0
github.com/shawncatz/automagical/ec2/handler.go:29.15,31.3 1 0
github.com/shawncatz/automagical/ec2/handler.go:42.35,46.16 3 3
github.com/shawncatz/automagical/ec2/handler.go:50.2,51.49 2 2
github.com/shawncatz/automagical/ec2/handler.go:55.2,55.42 1 2
github.com/shawncatz/automagical/ec2/handler.go:59.2,59.12 1 2
github.com/shawncatz/automagical/ec2/handler.go:46.16,48.3 1 1
github.com/shawncatz/automagical/ec2/handler.go:51.49,53.3 1 0
github.com/shawncatz/automagical/ec2/handler.go:55.42,57.3 1 0
github.com/shawncatz/automagical/ec2/handler.go:62.38,64.2 1 0
github.com/shawncatz/automagical/ec2/handler.go:66.80,69.80 2 2
github.com/shawncatz/automagical/ec2/handler.go:74.2,74.77 1 2
github.com/shawncatz/automagical/ec2/handler.go:79.2,79.77 1 2
github.com/shawncatz/automagical/ec2/handler.go:84.2,84.10 1 2
github.com/shawncatz/automagical/ec2/handler.go:88.2,88.12 1 2
github.com/shawncatz/automagical/ec2/handler.go:69.80,72.3 2 0
github.com/shawncatz/automagical/ec2/handler.go:74.77,77.3 2 0
github.com/shawncatz/automagical/ec2/handler.go:79.77,82.3 2 0
github.com/shawncatz/automagical/ec2/handler.go:84.10,86.3 1 0
github.com/shawncatz/automagical/ec2/handler.go:91.89,92.20 1 2
github.com/shawncatz/automagical/ec2/handler.go:97.2,98.16 2 1
github.com/shawncatz/automagical/ec2/handler.go:102.2,102.67 1 1
github.com/shawncatz/automagical/ec2/handler.go:106.2,106.12 1 1
github.com/shawncatz/automagical/ec2/handler.go:92.20,95.3 2 1
github.com/shawncatz/automagical/ec2/handler.go:98.16,100.3 1 0
github.com/shawncatz/automagical/ec2/handler.go:102.67,104.3 1 0
github.com/shawncatz/automagical/ec2/handler.go:109.88,110.20 1 2
github.com/shawncatz/automagical/ec2/handler.go:115.2,116.16 2 0
github.com/shawncatz/automagical/ec2/handler.go:120.2,120.65 1 0
github.com/shawncatz/automagical/ec2/handler.go:124.2,124.12 1 0
github.com/shawncatz/automagical/ec2/handler.go:110.20,113.3 2 2
github.com/shawncatz/automagical/ec2/handler.go:116.16,118.3 1 0
github.com/shawncatz/automagical/ec2/handler.go:120.65,122.3 1 0
github.com/shawncatz/automagical/ec2/handler.go:127.88,128.20 1 2
github.com/shawncatz/automagical/ec2/handler.go:142.2,142.12 1 0
github.com/shawncatz/automagical/ec2/handler.go:128.20,131.3 2 2
github.com/shawncatz/automagical/ec2/handler.go:145.55,147.2 1 2
github.com/shawncatz/automagical/ec2/handler.go:149.83,152.48 2 3
github.com/shawncatz/automagical/ec2/handler.go:156.2,160.6 3 1
github.com/shawncatz/automagical/ec2/handler.go:152.48,154.3 1 2
github.com/shawncatz/automagical/ec2/handler.go:160.6,161.10 1 3
github.com/shawncatz/automagical/ec2/handler.go:163.18,165.78 2 1
github.com/shawncatz/automagical/ec2/handler.go:167.15,169.18 2 2
github.com/shawncatz/automagical/ec2/handler.go:176.4,176.36 1 0
github.com/shawncatz/automagical/ec2/handler.go:180.4,180.19 1 0
github.com/shawncatz/automagical/ec2/handler.go:169.18,170.13 1 2
github.com/shawncatz/automagical/ec2/handler.go:176.36,177.13 1 0
github.com/shawncatz/automagical/ec2/main.go:19.59,24.26 4 0
github.com/shawncatz/automagical/ec2/main.go:25.17,27.25 2 0
github.com/shawncatz/automagical/ec2/main.go:28.20,30.25 2 0
github.com/shawncatz/automagical/ec2/main.go:31.10,33.58 2 0
github.com/shawncatz/automagical/ec2/main.go:34.10,36.19 2 0
github.com/shawncatz/automagical/ec2/running.go:3.17,5.2 0 0
github.com/shawncatz/automagical/ec2/service.go:31.49,42.2 2 0
github.com/shawncatz/automagical/ec2/volume.go:10.90,17.53 2 0
github.com/shawncatz/automagical/ec2/volume.go:21.2,21.12 1 0
github.com/shawncatz/automagical/ec2/volume.go:17.53,19.3 1 0
github.com/shawncatz/automagical/ec2/volume.go:24.89,26.16 2 0
github.com/shawncatz/automagical/ec2/volume.go:30.2,48.16 3 0
github.com/shawncatz/automagical/ec2/volume.go:51.2,51.27 1 0
github.com/shawncatz/automagical/ec2/volume.go:55.2,55.28 1 0
github.com/shawncatz/automagical/ec2/volume.go:26.16,28.3 1 0
github.com/shawncatz/automagical/ec2/volume.go:48.16,50.3 1 0
github.com/shawncatz/automagical/ec2/volume.go:51.27,53.3 1 0
github.com/shawncatz/automagical/ec2/config.go:22.25,24.31 2 5
github.com/shawncatz/automagical/ec2/config.go:27.2,27.10 1 5
github.com/shawncatz/automagical/ec2/config.go:24.31,26.3 1 5
github.com/shawncatz/automagical/ec2/config.go:30.30,32.34 2 5
github.com/shawncatz/automagical/ec2/config.go:36.2,36.28 1 0
github.com/shawncatz/automagical/ec2/config.go:32.34,34.3 1 5
github.com/shawncatz/automagical/ec2/database.go:27.50,37.2 3 0
github.com/shawncatz/automagical/ec2/database.go:39.43,40.21 1 0
github.com/shawncatz/automagical/ec2/database.go:44.2,64.16 3 0
github.com/shawncatz/automagical/ec2/database.go:67.2,69.4 1 0
github.com/shawncatz/automagical/ec2/database.go:40.21,42.3 1 0
github.com/shawncatz/automagical/ec2/database.go:64.16,66.3 1 0
github.com/shawncatz/automagical/ec2/database.go:72.47,74.16 2 0
github.com/shawncatz/automagical/ec2/database.go:78.2,78.35 1 0
github.com/shawncatz/automagical/ec2/database.go:84.2,84.14 1 0
github.com/shawncatz/automagical/ec2/database.go:74.16,76.3 1 0
github.com/shawncatz/automagical/ec2/database.go:78.35,79.24 1 0
github.com/shawncatz/automagical/ec2/database.go:79.24,81.4 1 0
github.com/shawncatz/automagical/ec2/database.go:87.58,91.16 4 0
github.com/shawncatz/automagical/ec2/database.go:95.2,108.12 3 0
github.com/shawncatz/automagical/ec2/database.go:91.16,93.3 1 0
github.com/shawncatz/automagical/ec2/database.go:111.52,114.16 3 0
github.com/shawncatz/automagical/ec2/database.go:118.2,125.12 2 0
github.com/shawncatz/automagical/ec2/database.go:114.16,116.3 1 0
github.com/shawncatz/automagical/ec2/database.go:128.44,132.62 2 0
github.com/shawncatz/automagical/ec2/database.go:136.2,139.48 2 0
github.com/shawncatz/automagical/ec2/database.go:132.62,134.3 1 0
github.com/shawncatz/automagical/ec2/instance.go:10.73,16.16 3 0
github.com/shawncatz/automagical/ec2/instance.go:20.2,20.32 1 0
github.com/shawncatz/automagical/ec2/instance.go:23.2,23.45 1 0
github.com/shawncatz/automagical/ec2/instance.go:27.2,29.15 2 0
github.com/shawncatz/automagical/ec2/instance.go:16.16,18.3 1 0
github.com/shawncatz/automagical/ec2/instance.go:20.32,22.3 1 0
github.com/shawncatz/automagical/ec2/instance.go:23.45,25.3 1 0
github.com/shawncatz/automagical/ec2/instance.go:32.70,37.16 3 0
github.com/shawncatz/automagical/ec2/instance.go:40.2,40.36 1 0
github.com/shawncatz/automagical/ec2/instance.go:44.2,44.55 1 0
github.com/shawncatz/automagical/ec2/instance.go:37.16,39.3 1 0
github.com/shawncatz/automagical/ec2/instance.go:40.36,42.3 1 0
github.com/shawncatz/automagical/ec2/instance.go:47.69,50.24 2 0
github.com/shawncatz/automagical/ec2/instance.go:54.2,54.13 1 0
github.com/shawncatz/automagical/ec2/instance.go:50.24,52.3 1 0
github.com/shawncatz/automagical/ec2/record.go:9.76,10.20 1 0
github.com/shawncatz/automagical/ec2/record.go:15.2,15.12 1 0
github.com/shawncatz/automagical/ec2/record.go:10.20,13.3 2 0
github.com/shawncatz/automagical/ec2/record.go:27.73,47.65 2 0
github.com/shawncatz/automagical/ec2/record.go:51.2,51.12 1 0
github.com/shawncatz/automagical/ec2/record.go:47.65,49.3 1 0